<?xml version="1.0" encoding="UTF-8"?>
<!-- Generated by org.testng.reporters.JUnitReportReporter -->
<testsuite skipped="0" hostname="DESKTOP-3QVFLTL" name="practise.AppiumFramework.TC_01" tests="1" failures="0" timestamp="2022-04-26T13:29:37 IST" time="74.538" errors="0">
  <testcase name="tc1" time="74.538" classname="practise.AppiumFramework.TC_01"/>
  <system-out/>
</testsuite> <!-- practise.AppiumFramework.TC_01 -->
