<?xml version="1.0" encoding="UTF-8"?>
<!-- Generated by org.testng.reporters.JUnitReportReporter -->
<testsuite skipped="0" hostname="IBM-DOTNET-001" name="practise.AppiumFramework.TC_01" tests="1" failures="0" timestamp="30 Nov 2020 05:41:30 GMT" time="69.365" errors="0">
  <testcase name="tc1" time="69.365" classname="practise.AppiumFramework.TC_01"/>
</testsuite> <!-- practise.AppiumFramework.TC_01 -->
